16:37:06 Game Port: 2302, Steam Query Port: 2303
16:37:06 Mission life.altis read from bank.
16:37:06 Host identity created.
16:37:06 Roles assigned.
16:37:06 Reading mission ...
16:37:23 Mission read.
16:37:23 Game started.
16:37:37 Alixity uses modified data file
16:37:38 Player Alixity connecting.
16:37:39 Player Alixity connected (id=76561198294782268).
16:38:18 StitchLife uses modified data file
16:38:19 Player StitchLife connecting.
16:38:43 Player StitchLife connected (id=76561198030673345).
16:41:44 Player StitchLife disconnected.
16:42:52 Player Alixity disconnected.
16:43:29 Alixity uses modified data file
16:43:30 Player Alixity connecting.
16:43:31 Player Alixity connected (id=76561198294782268).
16:43:53 Player Alixity disconnected.
17:28:48 Alixity uses modified data file
17:28:49 Player Alixity connecting.
17:28:53 Player Alixity connected (id=76561198294782268).
17:30:14 Player Alixity disconnected.
21:15:39 Alixity uses modified data file
21:15:40 Player Alixity connecting.
21:15:41 Player Alixity connected (id=76561198294782268).
21:17:01 
