 7:09:34 BattlEye Server: Initialized (v1.220, Arma 3 2.10.149954)
 7:09:34 Game Port: 2302, Steam Query Port: 2303
 7:09:34 Mission life.altis read from bank.
 7:09:34 Host identity created.
 7:09:34 BattlEye Server: Config entry: RConPassword BUSILY9cheesy2yodel
 7:09:34 BattlEye Server: Config entry: RConPort 2307
 7:09:34 Roles assigned.
 7:09:34 Reading mission ...
 7:09:39 BattlEye Server: RCon admin #0 (93.49.6.136:55179) logged in
 7:09:42 BattlEye Server: RCon admin #1 (151.30.58.58:56285) logged in
 7:09:50 Mission read.
 7:09:50 Game started.
 7:10:16 Thomas Smith uses modified data file
 7:10:16 BattlEye Server: Player #0 Thomas Smith (93.49.6.136:2304) connected
 7:10:16 Player Thomas Smith connecting.
 7:10:16 BattlEye Server: Connected to BE Master
 7:10:17 BattlEye Server: Player #0 Thomas Smith - BE GUID: aaa4c157ed823dfcf891b96cc548799a
 7:10:18 Player Thomas Smith connected (id=76561198168979244).
 7:10:18 BattlEye Server: Verified GUID (aaa4c157ed823dfcf891b96cc548799a) of player #0 Thomas Smith
 7:11:37 kajos uses modified data file
 7:11:37 BattlEye Server: Player #1 kajos (91.66.247.141:2304) connected
 7:11:37 Player kajos connecting.
 7:11:39 BattlEye Server: Player #1 kajos - BE GUID: 68fa0a01d472b9ec739a9c2dc8da162a
 7:11:40 Player kajos connected (id=76561198101277076).
 7:11:40 BattlEye Server: Verified GUID (68fa0a01d472b9ec739a9c2dc8da162a) of player #1 kajos
 7:13:55 Mimmo La Rue uses modified data file
 7:13:55 BattlEye Server: Player #2 Mimmo La Rue (151.30.58.58:2304) connected
 7:13:55 Player Mimmo La Rue connecting.
 7:13:57 BattlEye Server: Player #2 Mimmo La Rue - BE GUID: 8bd6bebb1582aa564523b41af9bba3ea
 7:13:58 Player Mimmo La Rue connected (id=76561198294782268).
 7:13:58 BattlEye Server: Verified GUID (8bd6bebb1582aa564523b41af9bba3ea) of player #2 Mimmo La Rue
 7:14:19 BattlEye Server: RCon admin #1 (93.49.6.136:53433) logged in
 7:27:46 Player kajos disconnected.
 7:27:46 BattlEye Server: Player #1 kajos disconnected
 7:32:19 Player Mimmo La Rue disconnected.
 7:32:19 BattlEye Server: Player #2 Mimmo La Rue disconnected
 7:37:40 Player Thomas Smith disconnected.
 7:37:40 BattlEye Server: Player #0 Thomas Smith disconnected
10:09:33 Psycho uses modified data file
10:09:33 BattlEye Server: Player #0 Psycho (93.43.242.160:2304) connected
10:09:33 Player Psycho connecting.
10:09:35 BattlEye Server: Player #0 Psycho - BE GUID: b057d92f02ff9584f219623883a6345e
10:09:35 Player Psycho connected (id=76561198053103016).
10:09:35 BattlEye Server: Verified GUID (b057d92f02ff9584f219623883a6345e) of player #0 Psycho
10:12:00 Player Psycho disconnected.
10:12:00 BattlEye Server: Player #0 Psycho disconnected
10:43:12 [BDF]Jhason Blankovich uses modified data file
10:43:12 BattlEye Server: Player #0 [BDF]Jhason Blankovich (2.35.200.12:2304) connected
10:43:12 Player [BDF]Jhason Blankovich connecting.
10:43:13 BattlEye Server: Player #0 [BDF]Jhason Blankovich - BE GUID: c6caf1ee3ac65f1cd28f05de2823c70d
10:43:15 Player [BDF]Jhason Blankovich connected (id=76561198268326252).
10:43:15 BattlEye Server: Verified GUID (c6caf1ee3ac65f1cd28f05de2823c70d) of player #0 [BDF]Jhason Blankovich
11:22:30 Mario uses modified data file
11:22:30 BattlEye Server: Player #1 Mario (151.37.18.139:58440) connected
11:22:30 Player Mario connecting.
11:22:31 BattlEye Server: Player #1 Mario - BE GUID: 5bf84556de55acde3ca1ce50bd640a7b
11:22:33 Player Mario connected (id=76561198202078920).
11:22:33 BattlEye Server: Verified GUID (5bf84556de55acde3ca1ce50bd640a7b) of player #1 Mario
11:23:12 Player Mario disconnected.
11:23:12 BattlEye Server: Player #1 Mario disconnected
11:26:42 markl uses modified data file
11:26:42 BattlEye Server: Player #1 markl (95.237.20.95:2304) connected
11:26:42 Player markl connecting.
11:26:44 BattlEye Server: Player #1 markl - BE GUID: b95aa0c54e8f34826a4d7a37580cc733
11:26:44 Player markl connected (id=76561199028580374).
11:26:44 BattlEye Server: Verified GUID (b95aa0c54e8f34826a4d7a37580cc733) of player #1 markl
11:32:11 Eddie uses modified data file
11:32:11 BattlEye Server: Player #2 Eddie (81.56.47.71:42455) connected
11:32:11 Player Eddie connecting.
11:32:13 BattlEye Server: Player #2 Eddie - BE GUID: 1e71beb04a9548f7180de702073ea9eb
11:32:13 Player Eddie connected (id=76561198232992124).
11:32:13 BattlEye Server: Verified GUID (1e71beb04a9548f7180de702073ea9eb) of player #2 Eddie
11:34:39 gioal uses modified data file
11:34:39 BattlEye Server: Player #3 gioal (93.44.195.246:54201) connected
11:34:39 Player gioal connecting.
11:34:41 BattlEye Server: Player #3 gioal - BE GUID: 07d76b0829f6ef70525a657c9f78795b
11:34:41 Player gioal connected (id=76561198971992132).
11:34:41 BattlEye Server: Verified GUID (07d76b0829f6ef70525a657c9f78795b) of player #3 gioal
11:39:25 Player markl disconnected.
11:39:25 BattlEye Server: Player #1 markl disconnected
11:39:34 Player gioal disconnected.
11:39:34 BattlEye Server: Player #3 gioal disconnected
11:40:43 [Agente] Matt Johnson uses modified data file
11:40:43 BattlEye Server: Player #3 [Agente] Matt Johnson (79.23.56.49:60130) connected
11:40:43 Player [Agente] Matt Johnson connecting.
11:40:44 BattlEye Server: Player #3 [Agente] Matt Johnson - BE GUID: 331efbebec718a6f046de6ec42b23764
11:40:45 Player [Agente] Matt Johnson connected (id=76561198280064170).
11:40:45 BattlEye Server: Verified GUID (331efbebec718a6f046de6ec42b23764) of player #3 [Agente] Matt Johnson
11:41:23 markl uses modified data file
11:41:23 BattlEye Server: Player #4 markl (95.237.20.95:2304) connected
11:41:23 Player markl connecting.
11:41:25 BattlEye Server: Player #4 markl - BE GUID: b95aa0c54e8f34826a4d7a37580cc733
11:41:25 Player markl connected (id=76561199028580374).
11:41:25 BattlEye Server: Verified GUID (b95aa0c54e8f34826a4d7a37580cc733) of player #4 markl
11:41:43 gioal uses modified data file
11:41:44 BattlEye Server: Player #5 gioal (93.44.195.246:54201) connected
11:41:44 Player gioal connecting.
11:41:45 BattlEye Server: Player #5 gioal - BE GUID: 07d76b0829f6ef70525a657c9f78795b
11:41:45 Player gioal connected (id=76561198971992132).
11:41:45 BattlEye Server: Verified GUID (07d76b0829f6ef70525a657c9f78795b) of player #5 gioal
11:50:55 BattlEye Server: (Direct) [Agente] Matt Johnson: //non mi senti?
11:51:05 BattlEye Server: (Direct) Eddie: //no
11:51:47 BattlEye Server: (Direct) [Agente] Matt Johnson: //si, non mi va il mic a quanto pare
11:52:11 BattlEye Server: (Direct) [Agente] Matt Johnson: l'ho fermata semplicemente per un controllo di routine
11:52:20 BattlEye Server: (Direct) [Agente] Matt Johnson: ha con se i documenti?
11:52:38 BattlEye Server: (Direct) [Agente] Matt Johnson: dove posso trovarli?
11:52:46 BattlEye Server: (Direct) [Agente] Matt Johnson: opppure me li dia lei
11:53:03 BattlEye Server: (Direct) [Agente] Matt Johnson: //non c'è lo scrip, è solo rp ahaha
11:53:12 BattlEye Server: (Direct) [Agente] Matt Johnson: perfetto
11:53:23 BattlEye Server: (Direct) [Agente] Matt Johnson: signor Eddie giusto?
11:53:45 BattlEye Server: (Direct) [Agente] Matt Johnson: vedo che la macchina è sua, quindi è tutto in regola
11:54:01 BattlEye Server: (Direct) [Agente] Matt Johnson: peretto, allora puo' andare tranquillamente
11:54:12 BattlEye Server: (Direct) [Agente] Matt Johnson: buona giornata
11:54:17 BattlEye Server: (Direct) [Agente] Matt Johnson: arrivederci
11:55:58 Player [Agente] Matt Johnson disconnected.
11:55:58 BattlEye Server: Player #3 [Agente] Matt Johnson disconnected
11:58:38 [Agente] Matt Johnson uses modified data file
11:58:39 BattlEye Server: Player #6 [Agente] Matt Johnson (79.23.56.49:60130) connected
11:58:39 Player [Agente] Matt Johnson connecting.
11:58:40 BattlEye Server: Player #6 [Agente] Matt Johnson - BE GUID: 331efbebec718a6f046de6ec42b23764
11:58:41 Player [Agente] Matt Johnson connected (id=76561198280064170).
11:58:41 BattlEye Server: Verified GUID (331efbebec718a6f046de6ec42b23764) of player #6 [Agente] Matt Johnson
12:06:49 Gustavo Fringman uses modified data file
12:06:50 BattlEye Server: Player #7 Gustavo Fringman (95.250.73.232:2304) connected
12:06:50 Player Gustavo Fringman connecting.
12:06:51 BattlEye Server: Pla