 0:16:34 BattlEye Server: Initialized (v1.220, Arma 3 2.10.149954)
 0:16:34 Game Port: 2302, Steam Query Port: 2303
 0:16:34 Mission life.altis read from directory.
 0:16:35 Host identity created.
 0:16:35 BattlEye Server: Config entry: RConPassword BUSILY9cheesy2yodel
 0:16:35 BattlEye Server: Config entry: RConPort 2307
 0:16:35 Roles assigned.
 0:16:35 Reading mission ...
 0:16:39 BattlEye Server: RCon admin #0 (151.30.58.58:50749) logged in
 0:16:51 Script core\admin\fn_admingetID.sqf not found
 0:16:52 Mission life.altis read from directory.
 0:16:52 Roles assigned.
 0:16:52 Reading mission ...
 0:16:59 Script core\admin\fn_admingetID.sqf not found
 0:17:00 Mission life.altis read from directory.
 0:17:00 Roles assigned.
 0:17:00 Reading mission ...
 0:17:07 Script core\admin\fn_admingetID.sqf not found
 0:17:08 Mission life.altis read from directory.
 0:17:08 Roles assigned.
 0:17:08 Reading mission ...
 0:17:15 Script core\admin\fn_admingetID.sqf not found
 0:17:16 Mission life.altis read from directory.
 0:17:17 Roles assigned.
 0:17:17 Reading mission ...
 0:17:24 Script core\admin\fn_admingetID.sqf not found
 0:17:24 Mission life.altis read from directory.
 0:17:25 Roles assigned.
 0:17:25 Reading mission ...
 0:17:32 Script core\admin\fn_admingetID.sqf not found
 0:17:33 Mission life.altis read from directory.
 0:17:33 Roles assigned.
 0:17:33 Reading mission ...
 0:17:40 Script core\admin\fn_admingetID.sqf not found
 0:17:41 Mission life.altis read from directory.
 0:17:41 Roles assigned.
 0:17:41 Reading mission ...
 0:17:49 Script core\admin\fn_admingetID.sqf not found
 0:17:49 Mission life.altis read from directory.
 0:17:50 Roles assigned.
 0:17:50 Reading mission ...
 0:17:57 Script core\admin\fn_admingetID.sqf not found
 0:17:58 Mission life.altis read from directory.
 0:17:58 Roles assigned.
 0:17:58 Reading mission ...
 0:18:05 Script core\admin\fn_admingetID.sqf not found
 0:18:05 Mimmo La Rue uses modified data file
 0:18:06 Mission life.altis read from directory.
 0:18:07 Roles assigned.
 0:18:07 Reading mission ...
 0:18:14 Script core\admin\fn_admingetID.sqf not found
 0:18:14 BattlEye Server: Player #0 Mimmo La Rue (225.219.6.0:14951) connected
 0:18:14 Player Mimmo La Rue connecting.
 0:18:14 Player Mimmo La Rue disconnected.
 0:18:14 BattlEye Server: Player #0 Mimmo La Rue disconnected
 0:18:15 Mission life.altis read from directory.
 0:18:16 Roles assigned.
 0:18:16 BattlEye Server: Connected to BE Master
 0:18:16 Reading mission ...
 0:18:23 Script core\admin\fn_admingetID.sqf not found
 0:18:24 Mission life.altis read from directory.
 0:18:24 Roles assigned.
 0:18:24 Reading mission ...
 0:18:32 Script core\admin\fn_admingetID.sqf not found
 0:18:33 Mission life.altis read from directory.
 0:18:33 Roles assigned.
 0:18:33 Reading mission ...
 0:18:40 Script core\admin\fn_admingetID.sqf not found
 0:18:42 Mission life.altis read from directory.
 0:18:42 Roles assigned.
 0:18:42 Reading mission ...
 0:18:49 Script core\admin\fn_admingetID.sqf not found
 0:18:51 Mission life.altis read from directory.
 0:18:51 Roles assigned.
 0:18:51 Reading mission ...
 0:18:59 Script core\admin\fn_admingetID.sqf not found
 0:18:59 Mimmo La Rue uses modified data file
 0:19:00 Mission life.altis read from directory.
 0:19:00 Roles assigned.
 0:19:00 Reading mission ...
 0:19:08 Script core\admin\fn_admingetID.sqf not found
 0:19:08 Player Mimmo La Rue disconnected.
 0:19:09 Mission life.altis read from directory.
 0:19:10 Roles assigned.
 0:19:10 Reading mission ...
 0:19:17 Script core\admin\fn_admingetID.sqf not found
 0:19:19 Mission life.altis read from directory.
 0:19:20 Roles assigned.
 0:19:20 Reading mission ...
 0:19:27 Script core\admin\fn_admingetID.sqf not found
 0:19:29 Mission life.altis read from directory.
 0:19:29 Roles assigned.
 0:19:29 Reading mission ...
 0:19:36 Script core\admin\fn_admingetID.sqf not found
 0:19:38 Mission life.altis read from directory.
 0:19:39 Roles assigned.
 0:19:39 Reading mission ...
 0:19:46 Script core\admin\fn_admingetID.sqf not found
 0:19:48 Mission lif