 1:00:17 BattlEye Server: Initialized (v1.220, Arma 3 2.10.149954)
 1:00:17 Game Port: 2302, Steam Query Port: 2303
 1:00:17 Mission life.altis read from bank.
 1:00:17 Host identity created.
 1:00:17 BattlEye Server: Config entry: RConPassword BUSILY9cheesy2yodel
 1:00:17 BattlEye Server: Config entry: RConPort 2307
 1:00:17 Roles assigned.
 1:00:17 Reading mission ...
 1:00:33 Mission read.
 1:00:33 Game started.
 1:00:42 AVale69 uses modified data file
 1:00:42 BattlEye Server: Player #0 AVale69 (101.58.214.45:2304) connected
 1:00:42 Player AVale69 connecting.
 1:00:42 BattlEye Server: Connected to BE Master
 1:00:43 BattlEye Server: Player #0 AVale69 - BE GUID: 460aa108782b99664048bb4cb597c71d
 1:00:44 Player AVale69 connected (id=76561198088387244).
 1:00:44 BattlEye Server: Verified GUID (460aa108782b99664048bb4cb597c71d) of player #0 AVale69
 1:01:01 [1°Tuscania]Jotter uses modified data file
 1:01:01 BattlEye Server: Player #1 [1°Tuscania]Jotter (5.94.129.165:2304) connected
 1:01:01 Player [1°Tuscania]Jotter connecting.
 1:01:02 BattlEye Server: Player #1 [1°Tuscania]Jotter - BE GUID: f52bd6a4a085691174e83db4579b6991
 1:01:11 Player AVale69 disconnected.
 1:01:11 BattlEye Server: Player #0 AVale69 disconnected
 1:01:11 Player [1°Tuscania]Jotter connected (id=76561198141160415).
 1:01:11 BattlEye Server: Verified GUID (f52bd6a4a085691174e83db4579b6991) of player #1 [1°Tuscania]Jotter
 1:01:31 Player [1°Tuscania]Jotter disconnected.
 1:01:31 BattlEye Server: Player #1 [1°Tuscania]Jotter disconnected
 1:01:46 AVale69 uses modified data file
 1:01:46 BattlEye Server: Player #0 AVale69 (101.58.214.45:2304) connected
 1:01:46 Player AVale69 connecting.
 1:01:47 BattlEye Server: Player #0 AVale69 - BE GUID: 460aa108782b99664048bb4cb597c71d
 1:01:48 Player AVale69 connected (id=76561198088387244).
 1:01:48 BattlEye Server: Verified GUID (460aa108782b99664048bb4cb597c71d) of player #0 AVale69
 1:01:53 [1°Tuscania]Jotter uses modified data file
 1:01:53 BattlEye Server: Player #1 [1°Tuscania]Jotter (5.94.129.165:2304) connected
 1:01:53 Player [1°Tuscania]Jotter connecting.
 1:01:54 BattlEye Server: Player #1 [1°Tuscania]Jotter - BE GUID: f52bd6a4a085691174e83db4579b6991
 1:01:56 Player [1°Tuscania]Jotter connected (id=76561198141160415).
 1:01:56 BattlEye Server: Verified GUID (f52bd6a4a085691174e83db4579b6991) of player #1 [1°Tuscania]Jotter
 1:02:14 Player [1°Tuscania]Jotter disconnected.
 1:02:14 BattlEye Server: Player #1 [1°Tuscania]Jotter disconnected
 1:02:15 Clown Jos uses modified data file
 1:02:15 BattlEye Server: Player #1 Clown Jos (82.55.183.99:56980) connected
 1:02:15 Player Clown Jos connecting.
 1:02:16 BattlEye Server: Player #1 Clown Jos - BE GUID: a064299e83a8d8e8a82d72f3d1d64f35
 1:02:17 Player Clown Jos connected (id=76561198030961867).
 1:02:17 BattlEye Server: Verified GUID (a064299e83a8d8e8a82d72f3d1d64f35) of player #1 Clown Jos
 1:02:25 [1°Tuscania]Jotter uses modified data file
 1:02:25 BattlEye Server: Player #2 [1°Tuscania]Jotter (5.94.129.165:2304) connected
 1:02:25 Player [1°Tuscania]Jotter connecting.
 1:02:26 BattlEye Server: Player #2 [1°Tuscania]Jotter - BE GUID: f52bd6a4a085691174e83db4579b6991
 1:02:32 Player AVale69 disconnected.
 1:02:32 BattlEye Server: Player #0 AVale69 disconnected
 1:02:51 Player [1°Tuscania]Jotter disconnected.
 1:02:51 BattlEye Server: Player #2 [1°Tuscania]Jotter disconnected
 1:03:15 Player Clown Jos disconnected.
 1:03:15 BattlEye Server: Player #1 Clown Jos disconnected
 1:03:21 Clown Jos uses modified data file
 1:03:21 BattlEye Server: Player #0 Clown Jos (82.55.183.99:56980) connected
 1:03:21 Player Clown Jos connecting.
 1:03:23 BattlEye Server: Player #0 Clown Jos - BE GUID: a064299e83a8d8e8a82d72f3d1d64f35
 1:03:23 Player Clown Jos connected (id=76561198030961867).
 1:03:23 BattlEye Server: Verified GUID (a064299e83a8d8e8a82d72f3d1d64f35) of player #0 Clown Jos
 1:04:24 Player Clown Jos disconnected.
 1:04:24 BattlEye Server: Player #0 Clown Jos disconnected
 1:04:29 [1°Tuscania]Jotter uses modified data file
 1:04:29 B