23:02:39 Game Port: 2302, Steam Query Port: 2303
23:02:39 Mission life.altis read from bank.
23:02:39 Host identity created.
23:02:39 Roles assigned.
23:02:39 Reading mission ...
23:02:57 Mission read.
23:02:57 Game started.
23:03:48 adly96 uses modified data file
23:03:48 Player adly96 connecting.
23:03:48 Player adly96 connected (id=76561198263498185).
23:04:08 Alixity uses modified data file
23:04:08 Player Alixity connecting.
23:04:15 Player adly96 disconnected.
23:04:15 Player Alixity connected (id=76561198294782268).
23:04:26 adly96 uses modified data file
23:04:26 Player adly96 connecting.
23:04:27 Player adly96 connected (id=76561198263498185).
23:04:44 Player adly96 disconnected.
23:04:58 StitchLife uses modified data file
23:04:58 Player StitchLife connecting.
23:04:59 Player StitchLife connected (id=76561198030673345).
23:06:32 adly96 uses modified data file
23:06:32 Player adly96 connecting.
23:06:33 Player adly96 connected (id=76561198263498185).
23:25:11 Player Alixity disconnected.
23:25:21 Player adly96 disconnected.
23:25:31 Player StitchLife disconnected.
23:25:41 
