 2:38:46 BattlEye Server: Initialized (v1.220, Arma 3 2.10.149954)
 2:38:46 Game Port: 2302, Steam Query Port: 2303
 2:38:46 Mission life.altis read from bank.
 2:38:46 Host identity created.
 2:38:46 BattlEye Server: Config entry: RConPassword testtest1234
 2:38:46 BattlEye Server: Config entry: RConPort 2307
 2:38:46 Roles assigned.
 2:38:46 Reading mission ...
 2:39:04 Mission read.
 2:39:04 Game started.
11:53:57 adly96 uses modified data file
11:53:58 BattlEye Server: Player #0 adly96 (79.53.190.100:2304) connected
11:53:58 Player adly96 connecting.
11:53:58 BattlEye Server: Connected to BE Master
11:53:59 BattlEye Server: Player #0 adly96 - BE GUID: a83ddb66a943d4d9af8056499df3f1d8
11:53:59 Player adly96 connected (id=76561198263498185).
11:53:59 BattlEye Server: Verified GUID (a83ddb66a943d4d9af8056499df3f1d8) of player #0 adly96
12:24:25 Player adly96 disconnected.
12:24:25 BattlEye Server: Player #0 adly96 disconnected
14:35:09 adly96 uses modified data file
14:35:09 BattlEye Server: Player #0 adly96 (79.53.190.100:2304) connected
14:35:09 Player adly96 connecting.
14:35:11 BattlEye Server: Player #0 adly96 - BE GUID: a83ddb66a943d4d9af8056499df3f1d8
14:35:11 Player adly96 connected (id=76561198263498185).
14:35:11 BattlEye Server: Verified GUID (a83ddb66a943d4d9af8056499df3f1d8) of player #0 adly96
15:05:03 Player adly96 disconnected.
15:05:03 BattlEye Server: Player #0 adly96 disconnected
23:10:36 adly96 uses modified data file
23:10:36 BattlEye Server: Player #0 adly96 (79.53.190.100:2304) connected
23:10:36 Player adly96 connecting.
23:10:37 BattlEye Server: Player #0 adly96 - BE GUID: a83ddb66a943d4d9af8056499df3f1d8
23:10:37 Player adly96 connected (id=76561198263498185).
23:10:37 BattlEye Server: Verified GUID (a83ddb66a943d4d9af8056499df3f1d8) of player #0 adly96
23:12:20 StitchLife uses modified data file
23:12:20 BattlEye Server: Player #1 StitchLife (95.248.238.250:2304) connected
23:12:20 Player StitchLife connecting.
23:12:22 BattlEye Server: Player #1 StitchLife - BE GUID: 08a00827be9d55adda4acf5f2d0d08bc
23:12:24 Player StitchLife connected (id=76561198030673345).
23:12:24 BattlEye Server: Verified GUID (08a00827be9d55adda4acf5f2d0d08bc) of player #1 StitchLife
23:23:56 Player StitchLife disconnected.
23:23:56 BattlEye Server: Player #1 StitchLife disconnected
 0:20:09 Player adly96 disconnected.
 0:20:09 BattlEye Server: Player #0 adly96 disconnected
23:25:49 StitchLife uses modified data file
23:25:49 BattlEye Server: Player #0 StitchLife (79.41.238.20:2304) connected
23:25:49 Player StitchLife connecting.
23:25:50 BattlEye Server: Player #0 StitchLife - BE GUID: 08a00827be9d55adda4acf5f2d0d08bc
23:25:52 Player StitchLife connected (id=76561198030673345).
23:25:52 BattlEye Server: Verified GUID (08a00827be9d55adda4acf5f2d0d08bc) of player #0 StitchLife
23:28:12 adly96 uses modified data file
23:28:12 BattlEye Server: Player #1 adly96 (79.53.190.100:2304) connected
23:28:12 Player adly96 connecting.
23:28:14 BattlEye Server: Player #1 adly96 - BE GUID: a83ddb66a943d4d9af8056499df3f1d8
23:28:14 Player adly96 connected (id=76561198263498185).
23:28:14 BattlEye Server: Verified GUID (a83ddb66a943d4d9af8056499df3f1d8) of player #1 adly96
23:55:58 Player StitchLife disconnected.
23:55:58 BattlEye Server: Player #0 StitchLife disconnected
23:56:51 Player adly96 disconnected.
23:56:51 BattlEye Server: Player #1 adly96 disconnected
 4:26:29 
