 2:40:52 BattlEye Server: Initialized (v1.220, Arma 3 2.10.149954)
 2:40:52 Game Port: 2302, Steam Query Port: 2303
 2:40:52 Mission life.altis read from bank.
 2:40:53 Host identity created.
 2:40:53 BattlEye Server: Config entry: RConPassword testtest1234
 2:40:53 BattlEye Server: Config entry: RConPort 2307
 2:40:53 Roles assigned.
 2:40:53 Reading mission ...
 2:41:09 Mission read.
 2:41:09 Game started.
 2:42:19 TheCh uses modified data file
 2:42:19 BattlEye Server: Player #0 TheCh (79.51.2.65:2304) connected
 2:42:19 Player TheCh connecting.
 2:42:19 BattlEye Server: Connected to BE Master
 2:42:20 BattlEye Server: Player #0 TheCh - BE GUID: a83ddb66a943d4d9af8056499df3f1d8
 2:43:15 Player TheCh disconnected.
 2:43:15 BattlEye Server: Player #0 TheCh disconnected
 2:43:31 TheCh uses modified data file
 2:43:31 BattlEye Server: Player #0 TheCh (79.51.2.65:2304) connected
 2:43:31 Player TheCh connecting.
 2:43:32 BattlEye Server: Player #0 TheCh - BE GUID: a83ddb66a943d4d9af8056499df3f1d8
 2:44:01 Player TheCh disconnected.
 2:44:01 BattlEye Server: Player #0 TheCh disconnected
 2:46:53 
