 3:15:46 Game Port: 2302, Steam Query Port: 2303
 3:15:46 Mission life.altis read from bank.
 3:15:47 Host identity created.
 3:15:47 Roles assigned.
 3:15:47 Reading mission ...
 3:16:03 Mission read.
 3:16:03 Game started.
 3:16:18 TheCh uses modified data file
 3:16:18 Player TheCh connecting.
 3:16:18 Player TheCh connected (id=76561198263498185).
 3:41:08 Player TheCh disconnected.
10:51:42 StitchLife uses modified data file
10:51:42 Player StitchLife connecting.
10:51:44 Player StitchLife connected (id=76561198030673345).
10:56:01 TheCh uses modified data file
10:56:02 Player TheCh connecting.
10:56:02 Player TheCh connected (id=76561198263498185).
11:30:19 Player TheCh disconnected.
11:31:40 adly96 uses modified data file
11:31:40 Player adly96 connecting.
11:31:41 Player adly96 connected (id=76561198263498185).
13:44:00 Alixity uses modified data file
13:44:01 Player Alixity connecting.
13:44:04 Player Alixity connected (id=76561198294782268).
14:10:22 Player adly96 disconnected.
14:12:22 adly96 uses modified data file
14:12:22 Player adly96 connecting.
14:12:22 Player adly96 connected (id=76561198263498185).
14:18:40 Player Alixity disconnected.
14:27:02 Player StitchLife disconnected.
14:27:16 Player adly96 disconnected.
14:29:55 StitchLife uses modified data file
14:29:55 Player StitchLife connecting.
14:29:57 Player StitchLife connected (id=76561198030673345).
14:30:01 Player StitchLife disconnected.
14:30:25 adly96 uses modified data file
14:30:25 Player adly96 connecting.
14:30:26 Player adly96 connected (id=76561198263498185).
15:55:38 StitchLife uses modified data file
15:55:38 Player StitchLife connecting.
15:55:41 Player StitchLife connected (id=76561198030673345).
16:33:45 
