 1:00:16 BattlEye Server: Initialized (v1.220, Arma 3 2.10.149954)
 1:00:16 Game Port: 2302, Steam Query Port: 2303
 1:00:16 Mission life.altis read from bank.
 1:00:17 Host identity created.
 1:00:17 BattlEye Server: Config entry: RConPassword BUSILY9cheesy2yodel
 1:00:17 BattlEye Server: Config entry: RConPort 2307
 1:00:17 Roles assigned.
 1:00:17 Reading mission ...
 1:00:20 BattlEye Server: RCon admin #0 (79.53.190.100:64958) logged in
 1:00:33 Mission read.
 1:00:33 Game started.
 1:01:17 Maschio uses modified data file
 1:01:17 BattlEye Server: Player #0 Maschio (2.197.106.130:26720) connected
 1:01:17 Player Maschio connecting.
 1:01:17 BattlEye Server: Connected to BE Master
 1:01:19 BattlEye Server: Player #0 Maschio - BE GUID: eda445955c761a49ee27d2df3ecd2de9
 1:01:20 Player Maschio connected (id=76561198031583822).
 1:01:20 BattlEye Server: Verified GUID (eda445955c761a49ee27d2df3ecd2de9) of player #0 Maschio
 1:01:39 AVale69 uses modified data file
 1:01:39 BattlEye Server: Player #1 AVale69 (101.58.214.45:2304) connected
 1:01:39 Player AVale69 connecting.
 1:01:40 BattlEye Server: Player #1 AVale69 - BE GUID: 460aa108782b99664048bb4cb597c71d
 1:01:41 Player AVale69 connected (id=76561198088387244).
 1:01:41 BattlEye Server: Verified GUID (460aa108782b99664048bb4cb597c71d) of player #1 AVale69
 1:01:42 [8DC] Leo uses modified data file
 1:01:42 BattlEye Server: Player #2 [8DC] Leo (93.34.92.28:38317) connected
 1:01:42 Player [8DC] Leo connecting.
 1:01:42 StitchLife uses modified data file
 1:01:42 BattlEye Server: Player #3 StitchLife (79.41.238.20:2304) connected
 1:01:42 Player StitchLife connecting.
 1:01:43 BattlEye Server: Player #2 [8DC] Leo - BE GUID: a6cd9ba2743791c45eb0190f5b07b569
 1:01:43 Player [8DC] Leo connected (id=76561198132460293).
 1:01:43 BattlEye Server: Verified GUID (a6cd9ba2743791c45eb0190f5b07b569) of player #2 [8DC] Leo
 1:01:43 salle uses modified data file
 1:01:43 BattlEye Server: Player #3 StitchLife - BE GUID: 08a00827be9d55adda4acf5f2d0d08bc
 1:01:44 BattlEye Server: Player #4 salle (79.18.75.161:2304) connected
 1:01:44 Player salle connecting.
 1:01:45 Player StitchLife connected (id=76561198030673345).
 1:01:45 BattlEye Server: Verified GUID (08a00827be9d55adda4acf5f2d0d08bc) of player #3 StitchLife
 1:01:45 BattlEye Server: Player #4 salle - BE GUID: 99120a6665bb0d3ef9abc265a1c5e68d
 1:01:46 Player salle connected (id=76561198027158370).
 1:01:46 BattlEye Server: Verified GUID (99120a6665bb0d3ef9abc265a1c5e68d) of player #4 salle
 1:01:51 Emilio uses modified data file
 1:01:51 BattlEye Server: Player #5 Emilio (2.42.84.54:2304) connected
 1:01:51 Player Emilio connecting.
 1:01:52 BattlEye Server: Player #5 Emilio - BE GUID: f10fefc6cfde107ee6dea69c3e01149d
 1:01:52 Player Emilio connected (id=76561198337105199).
 1:01:52 BattlEye Server: Verified GUID (f10fefc6cfde107ee6dea69c3e01149d) of player #5 Emilio
 1:11:37 Gustavo Fringman uses modified data file
 1:11:37 BattlEye Server: Player #6 Gustavo Fringman (79.53.190.100:2304) connected
 1:11:37 Player Gustavo Fringman connecting.
 1:11:38 BattlEye Server: Player #6 Gustavo Fringman - BE GUID: a83ddb66a943d4d9af8056499df3f1d8
 1:11:39 Player Gustavo Fringman connected (id=76561198263498185).
 1:11:39 BattlEye Server: Verified GUID (a83ddb66a943d4d9af8056499df3f1d8) of player #6 Gustavo Fringman
 1:19:55 Player Emilio disconnected.
 1:19:55 BattlEye Server: Player #5 Emilio disconnected
 1:26:05 Player StitchLife disconnected.
 1:26:05 BattlEye Server: Player #3 StitchLife disconnected
 1:38:44 LapoPisciaduro uses modified data file
 1:38:45 BattlEye Server: Player #7 LapoPisciaduro (130.25.243.20:2304) connected
 1:38:45 Player LapoPisciaduro connecting.
 1:38:46 BattlEye Server: Player #7 LapoPisciaduro - BE GUID: 0909ae27a3d22940680172331d29dc92
 1:38:47 Player LapoPisciaduro connected (id=76561198036612422).
 1:38:47 BattlEye Server: Verified GUID (0909ae27a3d22940680172331d29dc92) of player #7 LapoPisciaduro
 1:40:47 Player salle disconnected.
 1:40:47 BattlEye Server: Player #4 salle disconnected
 2:06:42 sall