17:36:25 BattlEye Server: Initialized (v1.220, Arma 3 2.10.149954)
17:36:25 Game Port: 2302, Steam Query Port: 2303
17:36:25 Mission life.altis read from bank.
17:36:25 Host identity created.
17:36:25 BattlEye Server: Config entry: RConPassword BUSILY9cheesy2yodel
17:36:25 BattlEye Server: Config entry: RConPort 2307
17:36:26 Roles assigned.
17:36:26 Reading mission ...
17:36:42 Mission read.
17:36:42 Game started.
17:36:44 AVale69 uses modified data file
17:36:44 BattlEye Server: Player #0 AVale69 (101.58.214.45:2304) connected
17:36:44 Player AVale69 connecting.
17:36:44 BattlEye Server: Connected to BE Master
17:36:45 BattlEye Server: Player #0 AVale69 - BE GUID: 460aa108782b99664048bb4cb597c71d
17:36:46 Player AVale69 connected (id=76561198088387244).
17:36:46 BattlEye Server: Verified GUID (460aa108782b99664048bb4cb597c71d) of player #0 AVale69
17:36:58 [1°Tuscania]Jotter uses modified data file
17:36:58 BattlEye Server: Player #1 [1°Tuscania]Jotter (5.94.129.165:2304) connected
17:36:58 Player [1°Tuscania]Jotter connecting.
17:36:59 BattlEye Server: Player #1 [1°Tuscania]Jotter - BE GUID: f52bd6a4a085691174e83db4579b6991
17:37:01 Player [1°Tuscania]Jotter connected (id=76561198141160415).
17:37:01 BattlEye Server: Verified GUID (f52bd6a4a085691174e83db4579b6991) of player #1 [1°Tuscania]Jotter
17:37:34 John Sasso uses modified data file
17:37:34 BattlEye Server: Player #2 John Sasso (84.220.24.106:2304) connected
17:37:34 Player John Sasso connecting.
17:37:36 BattlEye Server: Player #2 John Sasso - BE GUID: f6e35f5f19cc067ce948e2de0caf28fa
17:37:37 Player John Sasso connected (id=76561198840728201).
17:37:37 BattlEye Server: Verified GUID (f6e35f5f19cc067ce948e2de0caf28fa) of player #2 John Sasso
17:37:47 John Alecx uses modified data file
17:37:47 BattlEye Server: Player #3 John Alecx (79.42.70.40:2304) connected
17:37:47 Player John Alecx connecting.
17:37:49 BattlEye Server: Player #3 John Alecx - BE GUID: ca3b46d4bb4caec498d538e976271465
17:37:49 Player John Alecx connected (id=76561198388786429).
17:37:49 BattlEye Server: Verified GUID (ca3b46d4bb4caec498d538e976271465) of player #3 John Alecx
17:38:11 BattlEye Server: RCon admin #0 (91.66.247.141:49743) logged in
17:38:20 Jhason Blankovich uses modified data file
17:38:20 BattlEye Server: Player #4 Jhason Blankovich (2.35.200.12:2304) connected
17:38:20 Player Jhason Blankovich connecting.
17:38:22 BattlEye Server: Player #4 Jhason Blankovich - BE GUID: c6caf1ee3ac65f1cd28f05de2823c70d
17:38:22 Player Jhason Blankovich connected (id=76561198268326252).
17:38:22 BattlEye Server: Verified GUID (c6caf1ee3ac65f1cd28f05de2823c70d) of player #4 Jhason Blankovich
17:39:52 Morad uses modified data file
17:39:53 BattlEye Server: Player #5 Morad (80.104.152.23:60252) connected
17:39:53 Player Morad connecting.
17:39:55 BattlEye Server: Player #5 Morad - BE GUID: b5133d23cb235244669192ed589d0b2d
17:39:56 Player Morad connected (id=76561199043813738).
17:39:56 BattlEye Server: Verified GUID (b5133d23cb235244669192ed589d0b2d) of player #5 Morad
17:40:10 Clown Jos uses modified data file
17:40:10 BattlEye Server: Player #6 Clown Jos (82.55.183.99:61258) connected
17:40:10 Player Clown Jos connecting.
17:40:11 BattlEye Server: Player #6 Clown Jos - BE GUID: a064299e83a8d8e8a82d72f3d1d64f35
17:40:11 Player Clown Jos connected (id=76561198030961867).
17:40:11 BattlEye Server: Verified GUID (a064299e83a8d8e8a82d72f3d1d64f35) of player #6 Clown Jos
17:43:43 gioal uses modified data file
17:43:44 BattlEye Server: Player #7 gioal (93.44.195.246:53307) connected
17:43:44 Player gioal connecting.
17:43:45 BattlEye Server: Player #7 gioal - BE GUID: 07d76b0829f6ef70525a657c9f78795b
17:43:45 Player gioal connected (id=76561198971992132).
17:43:45 BattlEye Server: Verified GUID (07d76b0829f6ef70525a657c9f78795b) of player #7 gioal
17:45:36 Luvia uses modified data file
17:45:37 BattlEye Server: Player #8 Luvia (130.25.105.115:2304) connected
17:45:37 Player Luvia connecting.
17:45:38 BattlEye Server: Player #8 Luvia - BE GUID: dfd21646807e3226af7bfcad1f8f122c
17:45:39 Player Luvia connected (id=76561198019287264).
17:45:39 BattlEye Server: Verified GUID (dfd21646807e3226af7bfcad1f8f122c) of player #8 Luvia
17:47:10 ا uses modified data file
17:47:10 BattlEye Server: Player #9 ا (165.16.112.178:2304) connected
17:47:10 Player ا connecting.
17:47:11 BattlEye Server: Player #9 ا - BE GUID: 714b0462fccd44409560efadb77c0bf9
17:47:12 Player ا connected (id=76561198054523205).
17:47:12 BattlEye Server: Verified GUID (714b0462fccd44409560efadb77c0bf9) of player #9 ا
17:47:41 BattlEye Server: RCon admin #1 (91.66.247.141:51560) logged in
17:49:52 Player ا disconnected.
17:49:52 BattlEye Server: Player #9 ا disconnected
17:56:13 John Gabro uses modified data file
17:56:13 BattlEye Server: Player #9 John Gabro (37.119.243.244:2304) connected
17:56:13 Player John Gabro connecting.
17:56:15 BattlEye Server: Player #9 John Gabro - BE GUID: 7eda23c55eb6f8b8b0ed5ee9ae472e1e
17:56:15 Player John Gabro connected (id=76561198169092496).
17:56:15 BattlEye Server: Verified GUID (7eda23c55eb6f8b8b0ed5ee9ae472e1e) of player #9 John Gabro
17:56:36 BattlEye Server: RCon admin #0 (91.66.247.141:58911) logged in
18:00:40 BattlEye Server: RCon admin #2 (91.66.247.141:58603) logged in
18:03:10 Player gioal disconnected.
18:03:10 BattlEye Server: Player #7 gioal disconnected
18:03:14 gioal uses modified data file
18:03:14 BattlEye Server: Player #10 gioal (93.44.195.246:53307) connected
18:03:14 Player gioal connecting.
18:03:15 BattlEye Server: Player #10 gioal - BE GUID: 07d76b0829f6ef70525a657c9f78795b
18:03:16 Player gioal connected (id=76561198971992132).
18:03:16 BattlEye Server: Verified GUID (07d76b0829f6ef70525a657c9f78795b) of player #10 gioal
18:04:05 Sonny Clemenza uses modified data file
18:04:05 BattlEye Server: Player #11 Sonny Clemenza (87.7.210.63:2304) connected
18:04:05 Player Sonny Clemenza connecting.
18:04:07 BattlEye Server: Player #11 Sonny Clemenza - BE GUID: 17e0fd07b4bd0b7081504b76bc2b8c28
18:04:07 Player Sonny Clemenza connected (id=76561198142032626).
18:04:07 BattlEye Server: Verified GUID (17e0fd07b4bd0b7081504b76bc2b8c28) of player #11 Sonny Clemenza
18:05:38 Matt Johnson uses modified data file
18:05:38 BattlEye Server: Player #12 Matt Johnson (79.35.51.173:62215) connected
18:05:38 Player Matt Johnson connecting.
18:05:40 BattlEye Server: Player #12 Matt Johnson - BE GUID: 331efbebec718a6f046de6ec42b23764
18:05:40 Player Matt Johnson connected (id=76561198280064170).
18:05:40 BattlEye Server: Verified GUID (331efbebec718a6f046de6ec42b23764) of player #12 Matt Johnson
18:07:32 Player Jhason Blankovich disconnected.
18:07:32 BattlEye Server: Player #4 Jhason Blankovich disconnected
18:07:53 Jack Thompson uses modified data file
18:07:54 BattlEye Server: Player #13 Jack Thompson (31.190.114.25:2304) connected
18:07:54 Player Jack Thompson connecting.
18:07:55 BattlEye Server: Player #13 Jack Thompson - BE GUID: 8bd6bebb1582aa564523b41af9bba3ea
18:07:55 Player Jack Thompson connected (id=76561198294782268).
18:07:55 BattlEye Server: Verified GUID (8bd6bebb1582aa564523b41af9bba3ea) of player #13 Jack Thompson
18:16:40 Thomas Smith uses modified data file
18:16:41 BattlEye Server: Player #14 Thomas Smith (93.49.6.136:2304) connected
18:16:41 Player Thomas Smith connecting.
18:16:43 BattlEye Server: Player #14 Thomas Smith - BE GUID: aaa4c157ed823dfcf891b96cc548799a
18:16:58 Player Thomas Smith connected (id=76561198168979244).
18:16:58 BattlEye Server: Verified GUID (aaa4c157ed823dfcf891b96cc548799a) of player #14 Thomas Smith
18:18:20 James Holland uses modified data file
18:18:20 BattlEye Server: Player #15 James Holland (93.38.65.227:17842) connected
18:18:20 Player James Holland connecting.
18:18:21 BattlEye Server: Player #15 James Holland - BE GUID: 931a75c43499e27211f4c36bd9d6b35a
18:18:22 Player James Holland connected (id=76561198114313954).
18:18:22 BattlEye Server: Verified GUID (931a75c43499e27211f4c36bd9d6b35a) of player #15 James Holland
18:19:03 BattlEye Server: (Global) Morad: F
18:19:04 Player Thomas Smith disconnected.
18:19:04 BattlEye Server: Player #14 Thomas Smit